Building DAG of jobs...
Using shell: /usr/bin/bash
Provided remote nodes: 1
Provided resources: mem_mb=40000, mem_mib=38147, disk_mb=1000, disk_mib=954, time=1440
Select jobs to execute...
Execute 1 jobs...

[Wed Sep 11 12:36:16 2024]
rule cellranger_count:
    input: CSL-15900_ZYM_OTH.txt
    output: CSL-15900_ZYM_OTH/outs/filtered_feature_bc_matrix/matrix.mtx.gz
    log: logs/cellranger_count/CSL-15900_ZYM_OTH.log
    jobid: 0
    reason: Forced execution
    wildcards: sample=CSL-15900_ZYM_OTH
    threads: 20
    resources: mem_mb=40000, mem_mib=38147, disk_mb=1000, disk_mib=954, tmpdir=<TBD>, runtime=1440, time=1440

Building DAG of jobs...
Using shell: /usr/bin/bash
Provided cores: 20
Rules claiming more threads will be scaled down.
Provided resources: mem_mb=40000, mem_mib=38147, disk_mb=1000, disk_mib=954, time=1440
Select jobs to execute...
Execute 1 jobs...

[Wed Sep 11 12:36:17 2024]
localrule cellranger_count:
    input: CSL-15900_ZYM_OTH.txt
    output: CSL-15900_ZYM_OTH/outs/filtered_feature_bc_matrix/matrix.mtx.gz
    log: logs/cellranger_count/CSL-15900_ZYM_OTH.log
    jobid: 0
    reason: Forced execution
    wildcards: sample=CSL-15900_ZYM_OTH
    threads: 20
    resources: mem_mb=40000, mem_mib=38147, disk_mb=1000, disk_mib=954, tmpdir=/tmp, runtime=1440, time=1440

Waiting at most 100 seconds for missing files.
MissingOutputException in rule cellranger_count in file /scratch/gpfs/bjarnold/Graham/scripts/03_cellranger_count/Snakefile, line 48:
Job 0 completed successfully, but some output files are missing. Missing files after 100 seconds. This might be due to filesystem latency. If that is the case, consider to increase the wait time with --latency-wait:
CSL-15900_ZYM_OTH/outs/filtered_feature_bc_matrix/matrix.mtx.gz (missing locally, parent dir contents: )
Shutting down, this might take some time.
Exiting because a job execution failed. Look above for error message
Storing output in storage.
WorkflowError:
At least one job did not complete successfully.
DATA_DIR /scratch/gpfs/bjarnold/Graham/data_10X/cMaZuBaKFBP0Ygrh2ubrWr5mn7xa55w/20240821_ccc7_22G7Y5LT4_RQ25573_5p
srun: error: della-r1c4n4: task 0: Exited with exit code 1
srun: Terminating StepId=58873166.0
[Wed Sep 11 23:03:10 2024]
Error in rule cellranger_count:
    jobid: 0
    input: CSL-15900_ZYM_OTH.txt
    output: CSL-15900_ZYM_OTH/outs/filtered_feature_bc_matrix/matrix.mtx.gz
    log: logs/cellranger_count/CSL-15900_ZYM_OTH.log (check log file(s) for error details)
    shell:
        
        /scratch/gpfs/bjarnold/Graham/cellranger/cellranger-8.0.1/cellranger count         --id CSL-15900_ZYM_OTH         --transcriptome /scratch/gpfs/bjarnold/Graham/genomes_10X/ca_sea_lion         --create-bam true         --fastqs /scratch/gpfs/bjarnold/Graham/data_10X/cMaZuBaKFBP0Ygrh2ubrWr5mn7xa55w/20240821_ccc7_22G7Y5LT4_RQ25573_5p         --sample CSL-15900_ZYM_OTH         --force-cells 18000         --include-introns true        --localcores 20         > logs/cellranger_count/CSL-15900_ZYM_OTH.log 2> logs/cellranger_count/CSL-15900_ZYM_OTH.log
        
        (one of the commands exited with non-zero exit code; note that snakemake uses bash strict mode!)

Shutting down, this might take some time.
Exiting because a job execution failed. Look above for error message
Storing output in storage.
WorkflowError:
At least one job did not complete successfully.
DATA_DIR /scratch/gpfs/bjarnold/Graham/data_10X/cMaZuBaKFBP0Ygrh2ubrWr5mn7xa55w/20240821_ccc7_22G7Y5LT4_RQ25573_5p
