Building DAG of jobs...
Using shell: /usr/bin/bash
Provided remote nodes: 1
Provided resources: mem_mb=40000, mem_mib=38147, disk_mb=1000, disk_mib=954, time=1440
Select jobs to execute...
Execute 1 jobs...

[Thu Sep  5 14:50:22 2024]
rule cellranger_count:
    input: ES-5161_NULL_OTH.txt
    output: ES-5161_NULL_OTH/ES-5161_NULL_OTH.mri.tgz
    log: logs/cellranger_count/ES-5161_NULL_OTH.log
    jobid: 0
    reason: Forced execution
    wildcards: sample=ES-5161_NULL_OTH
    threads: 20
    resources: mem_mb=40000, mem_mib=38147, disk_mb=1000, disk_mib=954, tmpdir=<TBD>, runtime=1440, time=1440

Building DAG of jobs...
Using shell: /usr/bin/bash
Provided cores: 20
Rules claiming more threads will be scaled down.
Provided resources: mem_mb=40000, mem_mib=38147, disk_mb=1000, disk_mib=954, time=1440
Select jobs to execute...
Execute 1 jobs...

[Thu Sep  5 14:50:24 2024]
localrule cellranger_count:
    input: ES-5161_NULL_OTH.txt
    output: ES-5161_NULL_OTH/ES-5161_NULL_OTH.mri.tgz
    log: logs/cellranger_count/ES-5161_NULL_OTH.log
    jobid: 0
    reason: Forced execution
    wildcards: sample=ES-5161_NULL_OTH
    threads: 20
    resources: mem_mb=40000, mem_mib=38147, disk_mb=1000, disk_mib=954, tmpdir=/tmp, runtime=1440, time=1440



Martian Runtime - v4.0.12
Serving UI at http://della-r4c4n4:45355?auth=Jc7fshROxzyEtO7HlxFWQtn_P11UsLGm3xKKrvEFOFI

Running preflight checks (please wait)...
Checking sample info...
Checking FASTQ folder...
Checking reference...
Checking reference_path (/scratch/gpfs/bjarnold/Graham/genomes_10X/northern_elephant_seal) on della-r4c4n4...
Checking optional arguments...
mro: v4.0.12
mrp: v4.0.12
python: Python 3.10.8
numpy: 1.24.4
scipy: 1.10.1
pysam: 0.21.0
h5py: 3.9.0
pandas: 2.1.4
STAR: 2.7.2a
samtools: samtools 1.16.1
2024-09-05 14:50:40 [runtime] (ready)           ID.ES-5161_NULL_OTH.SC_RNA_COUNTER_CS.COPY_CHEMISTRY_SPEC
2024-09-05 14:50:40 [runtime] (run:local)       ID.ES-5161_NULL_OTH.SC_RNA_COUNTER_CS.COPY_CHEMISTRY_SPEC.fork0.chnk0.main
2024-09-05 14:50:40 [runtime] (ready)           ID.ES-5161_NULL_OTH.SC_RNA_COUNTER_CS.SC_MULTI_CORE.SPLIT_VDJ_INPUTS
2024-09-05 14:50:40 [runtime] (ready)           ID.ES-5161_NULL_OTH.SC_RNA_COUNTER_CS.SC_MULTI_CORE.MULTI_GEM_WELL_PROCESSOR.COUNT_GEM_WELL_PROCESSOR._BASIC_SC_RNA_COUNTER._MATRIX_COMPUTER.DISABLE_CORRECTION_FACTOR
2024-09-05 14:50:40 [runtime] (run:local)       ID.ES-5161_NULL_OTH.SC_RNA_COUNTER_CS.SC_MULTI_CORE.MULTI_GEM_WELL_PROCESSOR.COUNT_GEM_WELL_PROCESSOR._BASIC_SC_RNA_COUNTER._MATRIX_COMPUTER.DISABLE_CORRECTION_FACTOR.fork0.chnk0.main
2024-09-05 14:50:40 [runtime] (ready)           ID.ES-5161_NULL_OTH.SC_RNA_COUNTER_CS.SC_MULTI_CORE.SANITIZE_MAP_CALLS
2024-09-05 14:50:40 [runtime] (ready)           ID.ES-5161_NULL_OTH.SC_RNA_COUNTER_CS.SC_MULTI_CORE.MULTI_CHEMISTRY_DETECTOR.CHECK_SINGLE_BEAM_MODE
2024-09-05 14:50:40 [runtime] (ready)           ID.ES-5161_NULL_OTH.SC_RNA_COUNTER_CS.SC_MULTI_CORE.COPY_VDJ_REFERENCE
2024-09-05 14:50:40 [runtime] (ready)           ID.ES-5161_NULL_OTH.SC_RNA_COUNTER_CS.FULL_COUNT_INPUTS.WRITE_GENE_INDEX
2024-09-05 14:50:40 [runtime] (run:local)       ID.ES-5161_NULL_OTH.SC_RNA_COUNTER_CS.FULL_COUNT_INPUTS.WRITE_GENE_INDEX.fork0.chnk0.main
2024-09-05 14:50:40 [runtime] (ready)           ID.ES-5161_NULL_OTH.SC_RNA_COUNTER_CS.SC_MULTI_CORE.MAKE_FULL_CONFIG._MAKE_VDJ_CONFIG
2024-09-05 14:50:40 [runtime] (run:local)       ID.ES-5161_NULL_OTH.SC_RNA_COUNTER_CS.SC_MULTI_CORE.MAKE_FULL_CONFIG._MAKE_VDJ_CONFIG.fork0.chnk0.main
2024-09-05 14:50:40 [runtime] (ready)           ID.ES-5161_NULL_OTH.SC_RNA_COUNTER_CS.WRITE_GENE_INDEX
2024-09-05 14:50:40 [runtime] (run:local)       ID.ES-5161_NULL_OTH.SC_RNA_COUNTER_CS.WRITE_GENE_INDEX.fork0.chnk0.main
2024-09-05 14:50:40 [runtime] (chunks_complete) ID.ES-5161_NULL_OTH.SC_RNA_COUNTER_CS.COPY_CHEMISTRY_SPEC
2024-09-05 14:50:40 [runtime] (ready)           ID.ES-5161_NULL_OTH.SC_RNA_COUNTER_CS.SC_MULTI_CORE.MULTI_CHEMISTRY_DETECTOR.DETECT_COUNT_CHEMISTRY
2024-09-05 14:50:40 [runtime] (run:local)       ID.ES-5161_NULL_OTH.SC_RNA_COUNTER_CS.SC_MULTI_CORE.MULTI_CHEMISTRY_DETECTOR.DETECT_COUNT_CHEMISTRY.fork0.chnk0.main
2024-09-05 14:50:40 [runtime] (chunks_complete) ID.ES-5161_NULL_OTH.SC_RNA_COUNTER_CS.SC_MULTI_CORE.MULTI_GEM_WELL_PROCESSOR.COUNT_GEM_WELL_PROCESSOR._BASIC_SC_RNA_COUNTER._MATRIX_COMPUTER.DISABLE_CORRECTION_FACTOR
2024-09-05 14:50:40 [runtime] (chunks_complete) ID.ES-5161_NULL_OTH.SC_RNA_COUNTER_CS.SC_MULTI_CORE.MAKE_FULL_CONFIG._MAKE_VDJ_CONFIG
2024-09-05 14:50:40 [runtime] (ready)           ID.ES-5161_NULL_OTH.SC_RNA_COUNTER_CS.SC_MULTI_CORE.MULTI_GEM_WELL_PROCESSOR.VDJ_T_GEM_WELL_PROCESSOR.SETUP_VDJ_DEMUX
2024-09-05 14:50:40 [runtime] (ready)           ID.ES-5161_NULL_OTH.SC_RNA_COUNTER_CS.SC_MULTI_CORE.MULTI_GEM_WELL_PROCESSOR.COUNT_GEM_WELL_PROCESSOR._BASIC_SC_RNA_COUNTER._MATRIX_COMPUTER.COMPUTE_CORRECTION_FACTOR
2024-09-05 14:50:40 [runtime] (ready)           ID.ES-5161_NULL_OTH.SC_RNA_COUNTER_CS.SC_MULTI_CORE.MULTI_GEM_WELL_PROCESSOR.VDJ_T_GD_GEM_WELL_PROCESSOR.MULTI_SETUP_CHUNKS
2024-09-05 14:50:40 [runtime] (ready)           ID.ES-5161_NULL_OTH.SC_RNA_COUNTER_CS.SC_MULTI_CORE.MULTI_GEM_WELL_PROCESSOR.VDJ_T_GD_GEM_WELL_PROCESSOR.SETUP_VDJ_DEMUX
2024-09-05 14:50:40 [runtime] (ready)           ID.ES-5161_NULL_OTH.SC_RNA_COUNTER_CS.SC_MULTI_CORE.MULTI_GEM_WELL_PROCESSOR.VDJ_B_GEM_WELL_PROCESSOR.MULTI_SETUP_CHUNKS
2024-09-05 14:50:40 [runtime] (ready)           ID.ES-5161_NULL_OTH.SC_RNA_COUNTER_CS.SC_MULTI_CORE.MULTI_GEM_WELL_PROCESSOR.VDJ_T_GEM_WELL_PROCESSOR.MULTI_SETUP_CHUNKS
2024-09-05 14:50:40 [runtime] (ready)           ID.ES-5161_NULL_OTH.SC_RNA_COUNTER_CS.SC_MULTI_CORE.MULTI_GEM_WELL_PROCESSOR.VDJ_B_GEM_WELL_PROCESSOR.SETUP_VDJ_DEMUX
2024-09-05 14:50:40 [runtime] (ready)           ID.ES-5161_NULL_OTH.SC_RNA_COUNTER_CS.SC_MULTI_CORE.MULTI_GEM_WELL_PROCESSOR.VDJ_T_GD_GEM_WELL_PROCESSOR.SC_VDJ_CONTIG_ASSEMBLER.MAKE_SHARD
2024-09-05 14:50:40 [runtime] (ready)           ID.ES-5161_NULL_OTH.SC_RNA_COUNTER_CS.SC_MULTI_CORE.MULTI_GEM_WELL_PROCESSOR.VDJ_B_GEM_WELL_PROCESSOR.SC_VDJ_CONTIG_ASSEMBLER.MAKE_SHARD
2024-09-05 14:50:40 [runtime] (ready)           ID.ES-5161_NULL_OTH.SC_RNA_COUNTER_CS.SC_MULTI_CORE.MULTI_GEM_WELL_PROCESSOR.VDJ_T_GEM_WELL_PROCESSOR.SC_VDJ_CONTIG_ASSEMBLER.MAKE_SHARD
2024-09-05 14:50:40 [runtime] (ready)           ID.ES-5161_NULL_OTH.SC_RNA_COUNTER_CS.SC_MULTI_CORE.MULTI_GEM_WELL_PROCESSOR.VDJ_B_GEM_WELL_PROCESSOR.SC_VDJ_CONTIG_ASSEMBLER.BARCODE_CORRECTION
2024-09-05 14:50:40 [runtime] (ready)           ID.ES-5161_NULL_OTH.SC_RNA_COUNTER_CS.SC_MULTI_CORE.MULTI_GEM_WELL_PROCESSOR.VDJ_T_GEM_WELL_PROCESSOR.SC_VDJ_CONTIG_ASSEMBLER.BARCODE_CORRECTION
2024-09-05 14:50:40 [runtime] (ready)           ID.ES-5161_NULL_OTH.SC_RNA_COUNTER_CS.SC_MULTI_CORE.MULTI_GEM_WELL_PROCESSOR.VDJ_T_GD_GEM_WELL_PROCESSOR.SC_VDJ_CONTIG_ASSEMBLER.BARCODE_CORRECTION
2024-09-05 14:50:40 [runtime] (ready)           ID.ES-5161_NULL_OTH.SC_RNA_COUNTER_CS.SC_MULTI_CORE.MULTI_GEM_WELL_PROCESSOR.VDJ_B_GEM_WELL_PROCESSOR.SC_VDJ_CONTIG_ASSEMBLER.RUST_BRIDGE
2024-09-05 14:50:40 [runtime] (ready)           ID.ES-5161_NULL_OTH.SC_RNA_COUNTER_CS.SC_MULTI_CORE.MULTI_GEM_WELL_PROCESSOR.VDJ_T_GEM_WELL_PROCESSOR.SC_VDJ_CONTIG_ASSEMBLER.RUST_BRIDGE
2024-09-05 14:50:40 [runtime] (ready)           ID.ES-5161_NULL_OTH.SC_RNA_COUNTER_CS.SC_MULTI_CORE.MULTI_GEM_WELL_PROCESSOR.VDJ_T_GEM_WELL_PROCESSOR.SC_VDJ_CONTIG_ASSEMBLER.ASSEMBLE_VDJ
2024-09-05 14:50:40 [runtime] (ready)           ID.ES-5161_NULL_OTH.SC_RNA_COUNTER_CS.SC_MULTI_CORE.MULTI_GEM_WELL_PROCESSOR.VDJ_B_GEM_WELL_PROCESSOR.SC_VDJ_CONTIG_ASSEMBLER.ASSEMBLE_VDJ
2024-09-05 14:50:40 [runtime] (ready)           ID.ES-5161_NULL_OTH.SC_RNA_COUNTER_CS.SC_MULTI_CORE.MULTI_GEM_WELL_PROCESSOR.VDJ_T_GD_GEM_WELL_PROCESSOR.SC_VDJ_CONTIG_ASSEMBLER.RUST_BRIDGE
2024-09-05 14:50:40 [runtime] (ready)           ID.ES-5161_NULL_OTH.SC_RNA_COUNTER_CS.SC_MULTI_CORE.MULTI_GEM_WELL_PROCESSOR.VDJ_T_GD_GEM_WELL_PROCESSOR.SC_VDJ_CONTIG_ASSEMBLER.ASSEMBLE_VDJ
2024-09-05 14:50:40 [runtime] (ready)           ID.ES-5161_NULL_OTH.SC_RNA_COUNTER_CS.SC_MULTI_CORE.MULTI_GEM_WELL_PROCESSOR.VDJ_T_GEM_WELL_PROCESSOR.SC_VDJ_CONTIG_ASSEMBLER.MERGE_METRICS
2024-09-05 14:50:40 [runtime] (ready)           ID.ES-5161_NULL_OTH.SC_RNA_COUNTER_CS.SC_MULTI_CORE.MULTI_GEM_WELL_PROCESSOR.VDJ_B_GEM_WELL_PROCESSOR.SC_VDJ_CONTIG_ASSEMBLER.MERGE_METRICS
2024-09-05 14:50:40 [runtime] (ready)           ID.ES-5161_NULL_OTH.SC_RNA_COUNTER_CS.SC_MULTI_CORE.MULTI_GEM_WELL_PROCESSOR.VDJ_T_GD_GEM_WELL_PROCESSOR.SC_VDJ_CONTIG_ASSEMBLER.MERGE_METRICS
2024-09-05 14:50:56 [runtime] (chunks_complete) ID.ES-5161_NULL_OTH.SC_RNA_COUNTER_CS.FULL_COUNT_INPUTS.WRITE_GENE_INDEX
2024-09-05 14:50:56 [runtime] (ready)           ID.ES-5161_NULL_OTH.SC_RNA_COUNTER_CS.SC_MULTI_CORE.MULTI_GEM_WELL_PROCESSOR.COUNT_GEM_WELL_PROCESSOR.PARSE_TARGET_FEATURES
2024-09-05 14:50:56 [runtime] (run:local)       ID.ES-5161_NULL_OTH.SC_RNA_COUNTER_CS.SC_MULTI_CORE.MULTI_GEM_WELL_PROCESSOR.COUNT_GEM_WELL_PROCESSOR.PARSE_TARGET_FEATURES.fork0.chnk0.main
2024-09-05 14:50:56 [runtime] (chunks_complete) ID.ES-5161_NULL_OTH.SC_RNA_COUNTER_CS.WRITE_GENE_INDEX
2024-09-05 14:50:57 [runtime] (chunks_complete) ID.ES-5161_NULL_OTH.SC_RNA_COUNTER_CS.SC_MULTI_CORE.MULTI_GEM_WELL_PROCESSOR.COUNT_GEM_WELL_PROCESSOR.PARSE_TARGET_FEATURES
2024-09-05 14:51:06 [runtime] (chunks_complete) ID.ES-5161_NULL_OTH.SC_RNA_COUNTER_CS.SC_MULTI_CORE.MULTI_CHEMISTRY_DETECTOR.DETECT_COUNT_CHEMISTRY
2024-09-05 14:51:06 [runtime] (ready)           ID.ES-5161_NULL_OTH.SC_RNA_COUNTER_CS.SC_MULTI_CORE.MULTI_GEM_WELL_PROCESSOR.MAKE_VDJ_FILTER_SWITCH
2024-09-05 14:51:06 [runtime] (run:local)       ID.ES-5161_NULL_OTH.SC_RNA_COUNTER_CS.SC_MULTI_CORE.MULTI_GEM_WELL_PROCESSOR.MAKE_VDJ_FILTER_SWITCH.fork0.chnk0.main
2024-09-05 14:51:06 [runtime] (ready)           ID.ES-5161_NULL_OTH.SC_RNA_COUNTER_CS.SC_MULTI_CORE.MULTI_CHEMISTRY_DETECTOR.CHECK_BARCODES_COMPATIBILITY
2024-09-05 14:51:06 [runtime] (run:local)       ID.ES-5161_NULL_OTH.SC_RNA_COUNTER_CS.SC_MULTI_CORE.MULTI_CHEMISTRY_DETECTOR.CHECK_BARCODES_COMPATIBILITY.fork0.chnk0.main
2024-09-05 14:51:06 [runtime] (ready)           ID.ES-5161_NULL_OTH.SC_RNA_COUNTER_CS.SC_MULTI_CORE.CREATE_MULTI_GRAPH
2024-09-05 14:51:06 [runtime] (ready)           ID.ES-5161_NULL_OTH.SC_RNA_COUNTER_CS.SC_MULTI_CORE.MULTI_GEM_WELL_PROCESSOR.COUNT_GEM_WELL_PROCESSOR.MULTI_SETUP_CHUNKS
2024-09-05 14:51:06 [runtime] (run:local)       ID.ES-5161_NULL_OTH.SC_RNA_COUNTER_CS.SC_MULTI_CORE.MULTI_GEM_WELL_PROCESSOR.COUNT_GEM_WELL_PROCESSOR.MULTI_SETUP_CHUNKS.fork0.chnk0.main
2024-09-05 14:51:06 [runtime] (chunks_complete) ID.ES-5161_NULL_OTH.SC_RNA_COUNTER_CS.SC_MULTI_CORE.MULTI_CHEMISTRY_DETECTOR.CHECK_BARCODES_COMPATIBILITY
2024-09-05 14:51:06 [runtime] (chunks_complete) ID.ES-5161_NULL_OTH.SC_RNA_COUNTER_CS.SC_MULTI_CORE.MULTI_GEM_WELL_PROCESSOR.MAKE_VDJ_FILTER_SWITCH
2024-09-05 14:51:06 [runtime] (chunks_complete) ID.ES-5161_NULL_OTH.SC_RNA_COUNTER_CS.SC_MULTI_CORE.MULTI_GEM_WELL_PROCESSOR.COUNT_GEM_WELL_PROCESSOR.MULTI_SETUP_CHUNKS
2024-09-05 14:51:06 [runtime] (ready)           ID.ES-5161_NULL_OTH.SC_RNA_COUNTER_CS.SC_MULTI_CORE.MULTI_GEM_WELL_PROCESSOR.COUNT_GEM_WELL_PROCESSOR._BASIC_SC_RNA_COUNTER._MATRIX_COMPUTER.MAKE_SHARD
2024-09-05 14:51:06 [runtime] (run:local)       ID.ES-5161_NULL_OTH.SC_RNA_COUNTER_CS.SC_MULTI_CORE.MULTI_GEM_WELL_PROCESSOR.COUNT_GEM_WELL_PROCESSOR._BASIC_SC_RNA_COUNTER._MATRIX_COMPUTER.MAKE_SHARD.fork0.split
2024-09-05 14:51:09 [runtime] (split_complete)  ID.ES-5161_NULL_OTH.SC_RNA_COUNTER_CS.SC_MULTI_CORE.MULTI_GEM_WELL_PROCESSOR.COUNT_GEM_WELL_PROCESSOR._BASIC_SC_RNA_COUNTER._MATRIX_COMPUTER.MAKE_SHARD
2024-09-05 14:51:09 [runtime] (run:local)       ID.ES-5161_NULL_OTH.SC_RNA_COUNTER_CS.SC_MULTI_CORE.MULTI_GEM_WELL_PROCESSOR.COUNT_GEM_WELL_PROCESSOR._BASIC_SC_RNA_COUNTER._MATRIX_COMPUTER.MAKE_SHARD.fork0.chnk0.main
srun: Job step aborted: Waiting up to 47 seconds for job step to finish.
slurmstepd: error: *** JOB 58751146 ON della-r4c4n4 CANCELLED AT 2024-09-05T14:52:22 ***
slurmstepd: error: *** STEP 58751146.0 ON della-r4c4n4 CANCELLED AT 2024-09-05T14:52:22 ***
Will exit after finishing currently running jobs (scheduler).
