Building DAG of jobs...
Using shell: /usr/bin/bash
Provided remote nodes: 1
Provided resources: mem_mb=40000, mem_mib=38147, disk_mb=1000, disk_mib=954, time=1440
Select jobs to execute...
Execute 1 jobs...

[Thu Sep  5 14:59:24 2024]
rule cellranger_count:
    input: ES-5161_NULL_OTH.txt
    output: ES-5161_NULL_OTH/ES-5161_NULL_OTH.mri.tgz
    log: logs/cellranger_count/ES-5161_NULL_OTH.log
    jobid: 0
    reason: Forced execution
    wildcards: sample=ES-5161_NULL_OTH
    threads: 20
    resources: mem_mb=40000, mem_mib=38147, disk_mb=1000, disk_mib=954, tmpdir=<TBD>, runtime=1440, time=1440

Building DAG of jobs...
Using shell: /usr/bin/bash
Provided cores: 20
Rules claiming more threads will be scaled down.
Provided resources: mem_mb=40000, mem_mib=38147, disk_mb=1000, disk_mib=954, time=1440
Select jobs to execute...
Execute 1 jobs...

[Thu Sep  5 14:59:25 2024]
localrule cellranger_count:
    input: ES-5161_NULL_OTH.txt
    output: ES-5161_NULL_OTH/ES-5161_NULL_OTH.mri.tgz
    log: logs/cellranger_count/ES-5161_NULL_OTH.log
    jobid: 0
    reason: Forced execution
    wildcards: sample=ES-5161_NULL_OTH
    threads: 20
    resources: mem_mb=40000, mem_mib=38147, disk_mb=1000, disk_mib=954, tmpdir=/tmp, runtime=1440, time=1440

error: a value is required for '--include-introns <true|false>' but none was supplied
  [possible values: true, false]

For more information, try '--help'.
[Thu Sep  5 14:59:25 2024]
Error in rule cellranger_count:
    jobid: 0
    input: ES-5161_NULL_OTH.txt
    output: ES-5161_NULL_OTH/ES-5161_NULL_OTH.mri.tgz
    log: logs/cellranger_count/ES-5161_NULL_OTH.log (check log file(s) for error details)
    shell:
        
        /scratch/gpfs/bjarnold/Graham/cellranger/cellranger-8.0.1/cellranger count         --id ES-5161_NULL_OTH         --transcriptome /scratch/gpfs/bjarnold/Graham/genomes_10X/northern_elephant_seal         --create-bam true         --fastqs /scratch/gpfs/bjarnold/Graham/data_10X/cMaZuBaKFBP0Ygrh2ubrWr5mn7xa55w/20240821_ccc7_22G7Y5LT4_RQ25573_5p         --sample ES-5161_NULL_OTH         --force-cells 18000         --include-introns         --localcores 20         
        (one of the commands exited with non-zero exit code; note that snakemake uses bash strict mode!)

Shutting down, this might take some time.
Exiting because a job execution failed. Look above for error message
Storing output in storage.
WorkflowError:
At least one job did not complete successfully.
DATA_DIR /scratch/gpfs/bjarnold/Graham/data_10X/cMaZuBaKFBP0Ygrh2ubrWr5mn7xa55w/20240821_ccc7_22G7Y5LT4_RQ25573_5p
srun: error: della-r4c4n4: task 0: Exited with exit code 1
srun: Terminating StepId=58751255.0
[Thu Sep  5 14:59:25 2024]
Error in rule cellranger_count:
    jobid: 0
    input: ES-5161_NULL_OTH.txt
    output: ES-5161_NULL_OTH/ES-5161_NULL_OTH.mri.tgz
    log: logs/cellranger_count/ES-5161_NULL_OTH.log (check log file(s) for error details)
    shell:
        
        /scratch/gpfs/bjarnold/Graham/cellranger/cellranger-8.0.1/cellranger count         --id ES-5161_NULL_OTH         --transcriptome /scratch/gpfs/bjarnold/Graham/genomes_10X/northern_elephant_seal         --create-bam true         --fastqs /scratch/gpfs/bjarnold/Graham/data_10X/cMaZuBaKFBP0Ygrh2ubrWr5mn7xa55w/20240821_ccc7_22G7Y5LT4_RQ25573_5p         --sample ES-5161_NULL_OTH         --force-cells 18000         --include-introns         --localcores 20         
        (one of the commands exited with non-zero exit code; note that snakemake uses bash strict mode!)

Shutting down, this might take some time.
Exiting because a job execution failed. Look above for error message
Storing output in storage.
WorkflowError:
At least one job did not complete successfully.
DATA_DIR /scratch/gpfs/bjarnold/Graham/data_10X/cMaZuBaKFBP0Ygrh2ubrWr5mn7xa55w/20240821_ccc7_22G7Y5LT4_RQ25573_5p
