Building DAG of jobs...
Using shell: /usr/bin/bash
Provided remote nodes: 1
Provided resources: mem_mb=40000, mem_mib=38147, disk_mb=1000, disk_mib=954, time=3000
Select jobs to execute...
Execute 1 jobs...

[Wed Oct  2 14:26:02 2024]
rule cellranger_count:
    output: CSL-15900_NULL_OTH_done.txt
    log: logs/cellranger_count/CSL-15900_NULL_OTH.log
    jobid: 0
    reason: Forced execution
    wildcards: sample=CSL-15900_NULL_OTH
    threads: 20
    resources: mem_mb=40000, mem_mib=38147, disk_mb=1000, disk_mib=954, tmpdir=<TBD>, runtime=3000, time=3000

Building DAG of jobs...
Using shell: /usr/bin/bash
Provided cores: 20
Rules claiming more threads will be scaled down.
Provided resources: mem_mb=40000, mem_mib=38147, disk_mb=1000, disk_mib=954, time=3000
Select jobs to execute...
Execute 1 jobs...

[Wed Oct  2 14:26:03 2024]
localrule cellranger_count:
    output: CSL-15900_NULL_OTH_done.txt
    log: logs/cellranger_count/CSL-15900_NULL_OTH.log
    jobid: 0
    reason: Forced execution
    wildcards: sample=CSL-15900_NULL_OTH
    threads: 20
    resources: mem_mb=40000, mem_mib=38147, disk_mb=1000, disk_mib=954, tmpdir=/tmp, runtime=3000, time=3000

[Wed Oct  2 14:26:03 2024]
Error in rule cellranger_count:
    jobid: 0
    output: CSL-15900_NULL_OTH_done.txt
    log: logs/cellranger_count/CSL-15900_NULL_OTH.log (check log file(s) for error details)
    shell:
        
        /scratch/gpfs/bjarnold/Graham/cellranger/cellranger-8.0.1/cellranger count         --id CSL-15900_NULL_OTH         --transcriptome /scratch/gpfs/bjarnold/Graham/genomes_10X/ca_sea_lion         --create-bam true         --fastqs /scratch/gpfs/bjarnold/Graham/data_10X/cMaZuBaKFBP0Ygrh2ubrWr5mn7xa55w/20240821_ccc7_22G7Y5LT4_RQ25573_5p         --sample CSL-15900_NULL_OTH         --include-introns true        --create-bam false         --localcores 20         > logs/cellranger_count/CSL-15900_NULL_OTH.log 2> logs/cellranger_count/CSL-15900_NULL_OTH.log
        touch CSL-15900_NULL_OTH_done.txt
        
        (one of the commands exited with non-zero exit code; note that snakemake uses bash strict mode!)

Shutting down, this might take some time.
Exiting because a job execution failed. Look above for error message
Storing output in storage.
WorkflowError:
At least one job did not complete successfully.
DATA_DIR /scratch/gpfs/bjarnold/Graham/data_10X/cMaZuBaKFBP0Ygrh2ubrWr5mn7xa55w/20240821_ccc7_22G7Y5LT4_RQ25573_5p
['ES-5161_NULL_OTH', 'HS-3088_ZYM_OTH', 'ES-5161_ZYM_OTH', 'CSL-15900_NULL_OTH', 'CSL-15900_ZYM_OTH', 'HS-3088_NULL_OTH']
srun: error: della-r4c1n5: task 0: Exited with exit code 1
srun: Terminating StepId=59419473.0
[Wed Oct  2 14:26:04 2024]
Error in rule cellranger_count:
    jobid: 0
    output: CSL-15900_NULL_OTH_done.txt
    log: logs/cellranger_count/CSL-15900_NULL_OTH.log (check log file(s) for error details)
    shell:
        
        /scratch/gpfs/bjarnold/Graham/cellranger/cellranger-8.0.1/cellranger count         --id CSL-15900_NULL_OTH         --transcriptome /scratch/gpfs/bjarnold/Graham/genomes_10X/ca_sea_lion         --create-bam true         --fastqs /scratch/gpfs/bjarnold/Graham/data_10X/cMaZuBaKFBP0Ygrh2ubrWr5mn7xa55w/20240821_ccc7_22G7Y5LT4_RQ25573_5p         --sample CSL-15900_NULL_OTH         --include-introns true        --create-bam false         --localcores 20         > logs/cellranger_count/CSL-15900_NULL_OTH.log 2> logs/cellranger_count/CSL-15900_NULL_OTH.log
        touch CSL-15900_NULL_OTH_done.txt
        
        (one of the commands exited with non-zero exit code; note that snakemake uses bash strict mode!)

Shutting down, this might take some time.
Exiting because a job execution failed. Look above for error message
Storing output in storage.
WorkflowError:
At least one job did not complete successfully.
DATA_DIR /scratch/gpfs/bjarnold/Graham/data_10X/cMaZuBaKFBP0Ygrh2ubrWr5mn7xa55w/20240821_ccc7_22G7Y5LT4_RQ25573_5p
['ES-5161_NULL_OTH', 'HS-3088_ZYM_OTH', 'ES-5161_ZYM_OTH', 'CSL-15900_NULL_OTH', 'CSL-15900_ZYM_OTH', 'HS-3088_NULL_OTH']
