Building DAG of jobs...
SLURM run ID: bdedd627-0797-4c46-99f6-3a3c7661110d
Using shell: /usr/bin/bash
Provided remote nodes: 10
Job stats:
job                 count
----------------  -------
all                     1
cellranger_count        6
total                   7

Select jobs to execute...
Execute 6 jobs...

[Wed Oct  2 14:28:12 2024]
rule cellranger_count:
    output: ES-5161_NULL_OTH_done.txt
    log: logs/cellranger_count/ES-5161_NULL_OTH.log
    jobid: 1
    reason: Missing output files: ES-5161_NULL_OTH_done.txt
    wildcards: sample=ES-5161_NULL_OTH
    threads: 20
    resources: mem_mb=40000, mem_mib=38147, disk_mb=1000, disk_mib=954, tmpdir=<TBD>, runtime=3000, time=3000

No SLURM account given, trying to guess.
Guessed SLURM account: cs
Job 1 has been submitted with SLURM jobid 59419494 (log: /scratch/gpfs/bjarnold/Graham/scripts/01_cellranger_count/.snakemake/slurm_logs/rule_cellranger_count/ES-5161_NULL_OTH/59419494.log).

[Wed Oct  2 14:28:12 2024]
rule cellranger_count:
    output: ES-5161_ZYM_OTH_done.txt
    log: logs/cellranger_count/ES-5161_ZYM_OTH.log
    jobid: 3
    reason: Missing output files: ES-5161_ZYM_OTH_done.txt
    wildcards: sample=ES-5161_ZYM_OTH
    threads: 20
    resources: mem_mb=40000, mem_mib=38147, disk_mb=1000, disk_mib=954, tmpdir=<TBD>, runtime=3000, time=3000

Job 3 has been submitted with SLURM jobid 59419495 (log: /scratch/gpfs/bjarnold/Graham/scripts/01_cellranger_count/.snakemake/slurm_logs/rule_cellranger_count/ES-5161_ZYM_OTH/59419495.log).

[Wed Oct  2 14:28:12 2024]
rule cellranger_count:
    output: HS-3088_ZYM_OTH_done.txt
    log: logs/cellranger_count/HS-3088_ZYM_OTH.log
    jobid: 2
    reason: Missing output files: HS-3088_ZYM_OTH_done.txt
    wildcards: sample=HS-3088_ZYM_OTH
    threads: 20
    resources: mem_mb=40000, mem_mib=38147, disk_mb=1000, disk_mib=954, tmpdir=<TBD>, runtime=3000, time=3000

Job 2 has been submitted with SLURM jobid 59419496 (log: /scratch/gpfs/bjarnold/Graham/scripts/01_cellranger_count/.snakemake/slurm_logs/rule_cellranger_count/HS-3088_ZYM_OTH/59419496.log).

[Wed Oct  2 14:28:12 2024]
rule cellranger_count:
    output: HS-3088_NULL_OTH_done.txt
    log: logs/cellranger_count/HS-3088_NULL_OTH.log
    jobid: 6
    reason: Missing output files: HS-3088_NULL_OTH_done.txt
    wildcards: sample=HS-3088_NULL_OTH
    threads: 20
    resources: mem_mb=40000, mem_mib=38147, disk_mb=1000, disk_mib=954, tmpdir=<TBD>, runtime=3000, time=3000

Job 6 has been submitted with SLURM jobid 59419497 (log: /scratch/gpfs/bjarnold/Graham/scripts/01_cellranger_count/.snakemake/slurm_logs/rule_cellranger_count/HS-3088_NULL_OTH/59419497.log).

[Wed Oct  2 14:28:12 2024]
rule cellranger_count:
    output: CSL-15900_ZYM_OTH_done.txt
    log: logs/cellranger_count/CSL-15900_ZYM_OTH.log
    jobid: 5
    reason: Missing output files: CSL-15900_ZYM_OTH_done.txt
    wildcards: sample=CSL-15900_ZYM_OTH
    threads: 20
    resources: mem_mb=40000, mem_mib=38147, disk_mb=1000, disk_mib=954, tmpdir=<TBD>, runtime=3000, time=3000

Job 5 has been submitted with SLURM jobid 59419498 (log: /scratch/gpfs/bjarnold/Graham/scripts/01_cellranger_count/.snakemake/slurm_logs/rule_cellranger_count/CSL-15900_ZYM_OTH/59419498.log).

[Wed Oct  2 14:28:12 2024]
rule cellranger_count:
    output: CSL-15900_NULL_OTH_done.txt
    log: logs/cellranger_count/CSL-15900_NULL_OTH.log
    jobid: 4
    reason: Missing output files: CSL-15900_NULL_OTH_done.txt
    wildcards: sample=CSL-15900_NULL_OTH
    threads: 20
    resources: mem_mb=40000, mem_mib=38147, disk_mb=1000, disk_mib=954, tmpdir=<TBD>, runtime=3000, time=3000

Job 4 has been submitted with SLURM jobid 59419499 (log: /scratch/gpfs/bjarnold/Graham/scripts/01_cellranger_count/.snakemake/slurm_logs/rule_cellranger_count/CSL-15900_NULL_OTH/59419499.log).
[Thu Oct  3 05:03:44 2024]
Finished job 3.
1 of 7 steps (14%) done
[Thu Oct  3 07:23:19 2024]
Finished job 6.
2 of 7 steps (29%) done
[Thu Oct  3 11:39:58 2024]
Finished job 2.
3 of 7 steps (43%) done
[Thu Oct  3 11:55:09 2024]
Finished job 1.
4 of 7 steps (57%) done
[Thu Oct  3 20:18:03 2024]
Finished job 4.
5 of 7 steps (71%) done
[Thu Oct  3 23:10:39 2024]
Finished job 5.
6 of 7 steps (86%) done
Select jobs to execute...
Execute 1 jobs...

[Thu Oct  3 23:10:40 2024]
localrule all:
    input: ES-5161_NULL_OTH_done.txt, HS-3088_ZYM_OTH_done.txt, ES-5161_ZYM_OTH_done.txt, CSL-15900_NULL_OTH_done.txt, CSL-15900_ZYM_OTH_done.txt, HS-3088_NULL_OTH_done.txt
    jobid: 0
    reason: Input files updated by another job: ES-5161_NULL_OTH_done.txt, CSL-15900_NULL_OTH_done.txt, CSL-15900_ZYM_OTH_done.txt, ES-5161_ZYM_OTH_done.txt, HS-3088_ZYM_OTH_done.txt, HS-3088_NULL_OTH_done.txt
    resources: mem_mb=20000, mem_mib=19074, disk_mb=1000, disk_mib=954, tmpdir=/tmp, runtime=3000, time=3000

[Thu Oct  3 23:10:40 2024]
Finished job 0.
7 of 7 steps (100%) done
Complete log: .snakemake/log/2024-10-02T142812.442027.snakemake.log
