Building DAG of jobs...
SLURM run ID: c44653f8-e5a0-4ad4-a6cd-50ce290d60c5
Using shell: /usr/bin/bash
Provided remote nodes: 10
Job stats:
job                   count
------------------  -------
all                       1
cellranger_count          5
create_sample_file        3
total                     9

Select jobs to execute...
Execute 5 jobs...

[Wed Sep 11 12:13:37 2024]
localrule create_sample_file:
    output: ES-5161_ZYM_OTH.txt
    log: logs/create_sample_file/ES-5161_ZYM_OTH.log
    jobid: 4
    reason: Missing output files: ES-5161_ZYM_OTH.txt
    wildcards: sample=ES-5161_ZYM_OTH
    resources: mem_mb=20000, mem_mib=19074, disk_mb=1000, disk_mib=954, tmpdir=/tmp, runtime=1440, time=1440


[Wed Sep 11 12:13:37 2024]
localrule create_sample_file:
    output: HS-3088_NULL_OTH.txt
    log: logs/create_sample_file/HS-3088_NULL_OTH.log
    jobid: 10
    reason: Missing output files: HS-3088_NULL_OTH.txt
    wildcards: sample=HS-3088_NULL_OTH
    resources: mem_mb=20000, mem_mib=19074, disk_mb=1000, disk_mib=954, tmpdir=/tmp, runtime=1440, time=1440


[Wed Sep 11 12:13:37 2024]
localrule create_sample_file:
    output: HS-3088_ZYM_OTH.txt
    log: logs/create_sample_file/HS-3088_ZYM_OTH.log
    jobid: 2
    reason: Missing output files: HS-3088_ZYM_OTH.txt
    wildcards: sample=HS-3088_ZYM_OTH
    resources: mem_mb=20000, mem_mib=19074, disk_mb=1000, disk_mib=954, tmpdir=/tmp, runtime=1440, time=1440


[Wed Sep 11 12:13:37 2024]
rule cellranger_count:
    input: CSL-15900_ZYM_OTH.txt
    output: CSL-15900_ZYM_OTH/CSL-15900_ZYM_OTH.mri.tgz
    log: logs/cellranger_count/CSL-15900_ZYM_OTH.log
    jobid: 7
    reason: Missing output files: CSL-15900_ZYM_OTH/CSL-15900_ZYM_OTH.mri.tgz
    wildcards: sample=CSL-15900_ZYM_OTH
    threads: 20
    resources: mem_mb=40000, mem_mib=38147, disk_mb=1000, disk_mib=954, tmpdir=<TBD>, runtime=1440, time=1440

No SLURM account given, trying to guess.
Guessed SLURM account: cs
Job 7 has been submitted with SLURM jobid 58872509 (log: /scratch/gpfs/bjarnold/Graham/scripts/03_cellranger_count/.snakemake/slurm_logs/rule_cellranger_count/CSL-15900_ZYM_OTH/58872509.log).

[Wed Sep 11 12:13:37 2024]
rule cellranger_count:
    input: CSL-15900_NULL_OTH.txt
    output: CSL-15900_NULL_OTH/CSL-15900_NULL_OTH.mri.tgz
    log: logs/cellranger_count/CSL-15900_NULL_OTH.log
    jobid: 5
    reason: Missing output files: CSL-15900_NULL_OTH/CSL-15900_NULL_OTH.mri.tgz
    wildcards: sample=CSL-15900_NULL_OTH
    threads: 20
    resources: mem_mb=40000, mem_mib=38147, disk_mb=1000, disk_mib=954, tmpdir=<TBD>, runtime=1440, time=1440

Job 5 has been submitted with SLURM jobid 58872510 (log: /scratch/gpfs/bjarnold/Graham/scripts/03_cellranger_count/.snakemake/slurm_logs/rule_cellranger_count/CSL-15900_NULL_OTH/58872510.log).
[Wed Sep 11 12:13:37 2024]
Finished job 4.
1 of 9 steps (11%) done
[Wed Sep 11 12:13:37 2024]
Finished job 10.
2 of 9 steps (22%) done
[Wed Sep 11 12:13:37 2024]
Finished job 2.
3 of 9 steps (33%) done
Select jobs to execute...
Execute 3 jobs...

[Wed Sep 11 12:13:37 2024]
rule cellranger_count:
    input: ES-5161_ZYM_OTH.txt
    output: ES-5161_ZYM_OTH/ES-5161_ZYM_OTH.mri.tgz
    log: logs/cellranger_count/ES-5161_ZYM_OTH.log
    jobid: 3
    reason: Input files updated by another job: ES-5161_ZYM_OTH.txt; Code has changed since last execution
    wildcards: sample=ES-5161_ZYM_OTH
    threads: 20
    resources: mem_mb=40000, mem_mib=38147, disk_mb=1000, disk_mib=954, tmpdir=<TBD>, runtime=1440, time=1440

Job 3 has been submitted with SLURM jobid 58872511 (log: /scratch/gpfs/bjarnold/Graham/scripts/03_cellranger_count/.snakemake/slurm_logs/rule_cellranger_count/ES-5161_ZYM_OTH/58872511.log).

[Wed Sep 11 12:13:37 2024]
rule cellranger_count:
    input: HS-3088_ZYM_OTH.txt
    output: HS-3088_ZYM_OTH/HS-3088_ZYM_OTH.mri.tgz
    log: logs/cellranger_count/HS-3088_ZYM_OTH.log
    jobid: 1
    reason: Input files updated by another job: HS-3088_ZYM_OTH.txt; Code has changed since last execution
    wildcards: sample=HS-3088_ZYM_OTH
    threads: 20
    resources: mem_mb=40000, mem_mib=38147, disk_mb=1000, disk_mib=954, tmpdir=<TBD>, runtime=1440, time=1440

Job 1 has been submitted with SLURM jobid 58872512 (log: /scratch/gpfs/bjarnold/Graham/scripts/03_cellranger_count/.snakemake/slurm_logs/rule_cellranger_count/HS-3088_ZYM_OTH/58872512.log).

[Wed Sep 11 12:13:37 2024]
rule cellranger_count:
    input: HS-3088_NULL_OTH.txt
    output: HS-3088_NULL_OTH/HS-3088_NULL_OTH.mri.tgz
    log: logs/cellranger_count/HS-3088_NULL_OTH.log
    jobid: 9
    reason: Input files updated by another job: HS-3088_NULL_OTH.txt; Code has changed since last execution
    wildcards: sample=HS-3088_NULL_OTH
    threads: 20
    resources: mem_mb=40000, mem_mib=38147, disk_mb=1000, disk_mib=954, tmpdir=<TBD>, runtime=1440, time=1440

Job 9 has been submitted with SLURM jobid 58872513 (log: /scratch/gpfs/bjarnold/Graham/scripts/03_cellranger_count/.snakemake/slurm_logs/rule_cellranger_count/HS-3088_NULL_OTH/58872513.log).
[Wed Sep 11 12:14:17 2024]
Error in rule cellranger_count:
    message: SLURM-job '58872509' failed, SLURM status is: 'FAILED'. For further error details see the cluster/cloud log and the log files of the involved rule(s).
    jobid: 7
    input: CSL-15900_ZYM_OTH.txt
    output: CSL-15900_ZYM_OTH/CSL-15900_ZYM_OTH.mri.tgz
    log: logs/cellranger_count/CSL-15900_ZYM_OTH.log, /scratch/gpfs/bjarnold/Graham/scripts/03_cellranger_count/.snakemake/slurm_logs/rule_cellranger_count/CSL-15900_ZYM_OTH/58872509.log (check log file(s) for error details)
    shell:
        
        /scratch/gpfs/bjarnold/Graham/cellranger/cellranger-8.0.1/cellranger count         --id CSL-15900_ZYM_OTH         --transcriptome /scratch/gpfs/bjarnold/Graham/genomes_10X/ca_sea_lion         --create-bam true         --fastqs /scratch/gpfs/bjarnold/Graham/data_10X/cMaZuBaKFBP0Ygrh2ubrWr5mn7xa55w/20240821_ccc7_22G7Y5LT4_RQ25573_5p         --sample CSL-15900_ZYM_OTH         --force-cells 18000         --include-introns true        --localcores 20         2> logs/cellranger_count/CSL-15900_ZYM_OTH.log
        
        (one of the commands exited with non-zero exit code; note that snakemake uses bash strict mode!)
    external_jobid: 58872509

[Wed Sep 11 12:14:17 2024]
Error in rule cellranger_count:
    message: SLURM-job '58872510' failed, SLURM status is: 'FAILED'. For further error details see the cluster/cloud log and the log files of the involved rule(s).
    jobid: 5
    input: CSL-15900_NULL_OTH.txt
    output: CSL-15900_NULL_OTH/CSL-15900_NULL_OTH.mri.tgz
    log: logs/cellranger_count/CSL-15900_NULL_OTH.log, /scratch/gpfs/bjarnold/Graham/scripts/03_cellranger_count/.snakemake/slurm_logs/rule_cellranger_count/CSL-15900_NULL_OTH/58872510.log (check log file(s) for error details)
    shell:
        
        /scratch/gpfs/bjarnold/Graham/cellranger/cellranger-8.0.1/cellranger count         --id CSL-15900_NULL_OTH         --transcriptome /scratch/gpfs/bjarnold/Graham/genomes_10X/ca_sea_lion         --create-bam true         --fastqs /scratch/gpfs/bjarnold/Graham/data_10X/cMaZuBaKFBP0Ygrh2ubrWr5mn7xa55w/20240821_ccc7_22G7Y5LT4_RQ25573_5p         --sample CSL-15900_NULL_OTH         --force-cells 18000         --include-introns true        --localcores 20         2> logs/cellranger_count/CSL-15900_NULL_OTH.log
        
        (one of the commands exited with non-zero exit code; note that snakemake uses bash strict mode!)
    external_jobid: 58872510

[Wed Sep 11 12:14:37 2024]
Finished job 3.
4 of 9 steps (44%) done
Removing temporary output ES-5161_ZYM_OTH.txt.
[Wed Sep 11 12:14:47 2024]
Finished job 9.
5 of 9 steps (56%) done
Removing temporary output HS-3088_NULL_OTH.txt.
[Wed Sep 11 12:14:57 2024]
Finished job 1.
6 of 9 steps (67%) done
Removing temporary output HS-3088_ZYM_OTH.txt.
Shutting down, this might take some time.
Exiting because a job execution failed. Look above for error message
Complete log: .snakemake/log/2024-09-11T121337.489252.snakemake.log
WorkflowError:
At least one job did not complete successfully.
