Building DAG of jobs...
SLURM run ID: a1bff261-2243-488d-a1ef-95853ae54cb9
Using shell: /usr/bin/bash
Provided remote nodes: 10
Job stats:
job                   count
------------------  -------
all                       1
cellranger_count          1
create_sample_file        1
total                     3

Select jobs to execute...
Execute 1 jobs...

[Thu Sep  5 15:07:46 2024]
localrule create_sample_file:
    output: ES-5161_NULL_OTH.txt
    log: logs/create_sample_file/ES-5161_NULL_OTH.log
    jobid: 2
    reason: Missing output files: ES-5161_NULL_OTH.txt
    wildcards: sample=ES-5161_NULL_OTH
    resources: mem_mb=20000, mem_mib=19074, disk_mb=1000, disk_mib=954, tmpdir=/tmp, runtime=1440, time=1440

[Thu Sep  5 15:07:46 2024]
Finished job 2.
1 of 3 steps (33%) done
Select jobs to execute...
Execute 1 jobs...

[Thu Sep  5 15:07:46 2024]
rule cellranger_count:
    input: ES-5161_NULL_OTH.txt
    output: ES-5161_NULL_OTH/ES-5161_NULL_OTH.mri.tgz
    log: logs/cellranger_count/ES-5161_NULL_OTH.log
    jobid: 1
    reason: Missing output files: ES-5161_NULL_OTH/ES-5161_NULL_OTH.mri.tgz; Input files updated by another job: ES-5161_NULL_OTH.txt
    wildcards: sample=ES-5161_NULL_OTH
    threads: 20
    resources: mem_mb=40000, mem_mib=38147, disk_mb=1000, disk_mib=954, tmpdir=<TBD>, runtime=1440, time=1440

No SLURM account given, trying to guess.
Guessed SLURM account: cs
Job 1 has been submitted with SLURM jobid 58751414 (log: /scratch/gpfs/bjarnold/Graham/scripts/03_cellranger_count/.snakemake/slurm_logs/rule_cellranger_count/ES-5161_NULL_OTH/58751414.log).
[Fri Sep  6 06:16:30 2024]
Finished job 1.
2 of 3 steps (67%) done
Removing temporary output ES-5161_NULL_OTH.txt.
Select jobs to execute...
Execute 1 jobs...

[Fri Sep  6 06:16:30 2024]
localrule all:
    input: ES-5161_NULL_OTH/ES-5161_NULL_OTH.mri.tgz
    jobid: 0
    reason: Input files updated by another job: ES-5161_NULL_OTH/ES-5161_NULL_OTH.mri.tgz
    resources: mem_mb=20000, mem_mib=19074, disk_mb=1000, disk_mib=954, tmpdir=/tmp, runtime=1440, time=1440

[Fri Sep  6 06:16:30 2024]
Finished job 0.
3 of 3 steps (100%) done
Complete log: .snakemake/log/2024-09-05T150746.344782.snakemake.log
