Building DAG of jobs...
SLURM run ID: 5d96aa57-bf2f-435e-bd4a-babe5c04916d
Using shell: /usr/bin/bash
Provided remote nodes: 10
Job stats:
job                   count
------------------  -------
all                       1
cellranger_count          6
create_sample_file        6
total                    13

Select jobs to execute...
InputFunctionException in rule create_sample_file in file /scratch/gpfs/bjarnold/Graham/scripts/03_cellranger_count/Snakefile, line 39:
Error:
  WorkflowError:
    Failed to evaluate resources value ''.
        String arguments may need additional quoting. E.g.: --default-resources "tmpdir='/home/user/tmp'" or --set-resources "somerule:someresource='--nice=100'". This also holds for setting resources inside of a profile, where you might have to enclose them in single and double quotes, i.e. someresource: "'--nice=100'".
    SyntaxError: invalid syntax (<string>, line 0)
Wildcards:
  sample=ES-5161_ZYM_OTH
Traceback:
 (rule create_sample_file, line 48, /scratch/gpfs/bjarnold/Graham/scripts/03_cellranger_count/Snakefile)
