Building DAG of jobs...
SLURM run ID: 8bd65fe5-780a-439f-abc7-1c6b8f043fed
Using shell: /usr/bin/bash
Provided remote nodes: 10
Job stats:
job                 count
----------------  -------
all                     1
cellranger_count        2
total                   3

Select jobs to execute...
Execute 2 jobs...

[Mon Oct 28 19:11:00 2024]
rule cellranger_count:
    output: ES-5161_NULL_OTH_done.txt
    log: logs/cellranger_count/ES-5161_NULL_OTH.log
    jobid: 1
    reason: Missing output files: ES-5161_NULL_OTH_done.txt; Params have changed since last execution
    wildcards: sample=ES-5161_NULL_OTH
    threads: 20
    resources: mem_mb=40000, mem_mib=38147, disk_mb=1000, disk_mib=954, tmpdir=<TBD>, runtime=3000, time=3000

No SLURM account given, trying to guess.
Guessed SLURM account: cs
Job 1 has been submitted with SLURM jobid 59996953 (log: /scratch/gpfs/bjarnold/Graham/scripts/01_cellranger_count/.snakemake/slurm_logs/rule_cellranger_count/ES-5161_NULL_OTH/59996953.log).

[Mon Oct 28 19:11:00 2024]
rule cellranger_count:
    output: ES-5161_ZYM_OTH_done.txt
    log: logs/cellranger_count/ES-5161_ZYM_OTH.log
    jobid: 2
    reason: Missing output files: ES-5161_ZYM_OTH_done.txt; Params have changed since last execution
    wildcards: sample=ES-5161_ZYM_OTH
    threads: 20
    resources: mem_mb=40000, mem_mib=38147, disk_mb=1000, disk_mib=954, tmpdir=<TBD>, runtime=3000, time=3000

Job 2 has been submitted with SLURM jobid 59996954 (log: /scratch/gpfs/bjarnold/Graham/scripts/01_cellranger_count/.snakemake/slurm_logs/rule_cellranger_count/ES-5161_ZYM_OTH/59996954.log).
[Tue Oct 29 09:07:25 2024]
Finished job 2.
1 of 3 steps (33%) done
[Tue Oct 29 12:33:03 2024]
Finished job 1.
2 of 3 steps (67%) done
Select jobs to execute...
Execute 1 jobs...

[Tue Oct 29 12:33:03 2024]
localrule all:
    input: ES-5161_NULL_OTH_done.txt, ES-5161_ZYM_OTH_done.txt
    jobid: 0
    reason: Input files updated by another job: ES-5161_NULL_OTH_done.txt, ES-5161_ZYM_OTH_done.txt
    resources: mem_mb=20000, mem_mib=19074, disk_mb=1000, disk_mib=954, tmpdir=/tmp, runtime=3000, time=3000

[Tue Oct 29 12:33:03 2024]
Finished job 0.
3 of 3 steps (100%) done
Complete log: .snakemake/log/2024-10-28T191054.068418.snakemake.log
