Building DAG of jobs...
SLURM run ID: 776aa89e-91ac-467b-842c-983069e7ed64
Using shell: /usr/bin/bash
Provided remote nodes: 10
Job stats:
job                 count
----------------  -------
all                     1
cellranger_count        6
total                   7

Select jobs to execute...
Execute 6 jobs...

[Fri Oct  4 09:14:42 2024]
rule cellranger_count:
    output: ES-5161_NULL_OTH_done.txt
    log: logs/cellranger_count/ES-5161_NULL_OTH.log
    jobid: 1
    reason: Missing output files: ES-5161_NULL_OTH_done.txt; Code has changed since last execution
    wildcards: sample=ES-5161_NULL_OTH
    threads: 20
    resources: mem_mb=40000, mem_mib=38147, disk_mb=1000, disk_mib=954, tmpdir=<TBD>, runtime=3000, time=3000

No SLURM account given, trying to guess.
Unable to guess SLURM account. Trying to proceed without.
Job 1 has been submitted with SLURM jobid 59468071 (log: /scratch/gpfs/bjarnold/Graham/scripts/01_cellranger_count/.snakemake/slurm_logs/rule_cellranger_count/ES-5161_NULL_OTH/59468071.log).

[Fri Oct  4 09:14:42 2024]
rule cellranger_count:
    output: ES-5161_ZYM_OTH_done.txt
    log: logs/cellranger_count/ES-5161_ZYM_OTH.log
    jobid: 3
    reason: Missing output files: ES-5161_ZYM_OTH_done.txt; Code has changed since last execution
    wildcards: sample=ES-5161_ZYM_OTH
    threads: 20
    resources: mem_mb=40000, mem_mib=38147, disk_mb=1000, disk_mib=954, tmpdir=<TBD>, runtime=3000, time=3000

Job 3 has been submitted with SLURM jobid 59468072 (log: /scratch/gpfs/bjarnold/Graham/scripts/01_cellranger_count/.snakemake/slurm_logs/rule_cellranger_count/ES-5161_ZYM_OTH/59468072.log).

[Fri Oct  4 09:14:42 2024]
rule cellranger_count:
    output: HS-3088_ZYM_OTH_done.txt
    log: logs/cellranger_count/HS-3088_ZYM_OTH.log
    jobid: 2
    reason: Missing output files: HS-3088_ZYM_OTH_done.txt; Code has changed since last execution
    wildcards: sample=HS-3088_ZYM_OTH
    threads: 20
    resources: mem_mb=40000, mem_mib=38147, disk_mb=1000, disk_mib=954, tmpdir=<TBD>, runtime=3000, time=3000

Job 2 has been submitted with SLURM jobid 59468073 (log: /scratch/gpfs/bjarnold/Graham/scripts/01_cellranger_count/.snakemake/slurm_logs/rule_cellranger_count/HS-3088_ZYM_OTH/59468073.log).

[Fri Oct  4 09:14:42 2024]
rule cellranger_count:
    output: HS-3088_NULL_OTH_done.txt
    log: logs/cellranger_count/HS-3088_NULL_OTH.log
    jobid: 6
    reason: Missing output files: HS-3088_NULL_OTH_done.txt; Code has changed since last execution
    wildcards: sample=HS-3088_NULL_OTH
    threads: 20
    resources: mem_mb=40000, mem_mib=38147, disk_mb=1000, disk_mib=954, tmpdir=<TBD>, runtime=3000, time=3000

Job 6 has been submitted with SLURM jobid 59468074 (log: /scratch/gpfs/bjarnold/Graham/scripts/01_cellranger_count/.snakemake/slurm_logs/rule_cellranger_count/HS-3088_NULL_OTH/59468074.log).

[Fri Oct  4 09:14:42 2024]
rule cellranger_count:
    output: CSL-15900_ZYM_OTH_done.txt
    log: logs/cellranger_count/CSL-15900_ZYM_OTH.log
    jobid: 5
    reason: Missing output files: CSL-15900_ZYM_OTH_done.txt; Code has changed since last execution
    wildcards: sample=CSL-15900_ZYM_OTH
    threads: 20
    resources: mem_mb=40000, mem_mib=38147, disk_mb=1000, disk_mib=954, tmpdir=<TBD>, runtime=3000, time=3000

Job 5 has been submitted with SLURM jobid 59468075 (log: /scratch/gpfs/bjarnold/Graham/scripts/01_cellranger_count/.snakemake/slurm_logs/rule_cellranger_count/CSL-15900_ZYM_OTH/59468075.log).

[Fri Oct  4 09:14:42 2024]
rule cellranger_count:
    output: CSL-15900_NULL_OTH_done.txt
    log: logs/cellranger_count/CSL-15900_NULL_OTH.log
    jobid: 4
    reason: Missing output files: CSL-15900_NULL_OTH_done.txt; Code has changed since last execution
    wildcards: sample=CSL-15900_NULL_OTH
    threads: 20
    resources: mem_mb=40000, mem_mib=38147, disk_mb=1000, disk_mib=954, tmpdir=<TBD>, runtime=3000, time=3000

Job 4 has been submitted with SLURM jobid 59468076 (log: /scratch/gpfs/bjarnold/Graham/scripts/01_cellranger_count/.snakemake/slurm_logs/rule_cellranger_count/CSL-15900_NULL_OTH/59468076.log).
[Fri Oct  4 22:44:10 2024]
Finished job 3.
1 of 7 steps (14%) done
[Sat Oct  5 03:42:51 2024]
Finished job 1.
2 of 7 steps (29%) done
[Sat Oct  5 04:23:23 2024]
Finished job 6.
3 of 7 steps (43%) done
[Sat Oct  5 05:39:56 2024]
Finished job 2.
4 of 7 steps (57%) done
[Sat Oct  5 18:11:52 2024]
Finished job 4.
5 of 7 steps (71%) done
[Sat Oct  5 21:37:29 2024]
Finished job 5.
6 of 7 steps (86%) done
Select jobs to execute...
Execute 1 jobs...

[Sat Oct  5 21:37:29 2024]
localrule all:
    input: ES-5161_NULL_OTH_done.txt, HS-3088_ZYM_OTH_done.txt, ES-5161_ZYM_OTH_done.txt, CSL-15900_NULL_OTH_done.txt, CSL-15900_ZYM_OTH_done.txt, HS-3088_NULL_OTH_done.txt
    jobid: 0
    reason: Input files updated by another job: HS-3088_ZYM_OTH_done.txt, CSL-15900_NULL_OTH_done.txt, HS-3088_NULL_OTH_done.txt, ES-5161_ZYM_OTH_done.txt, CSL-15900_ZYM_OTH_done.txt, ES-5161_NULL_OTH_done.txt
    resources: mem_mb=20000, mem_mib=19074, disk_mb=1000, disk_mib=954, tmpdir=/tmp, runtime=3000, time=3000

[Sat Oct  5 21:37:29 2024]
Finished job 0.
7 of 7 steps (100%) done
Complete log: .snakemake/log/2024-10-04T091439.837429.snakemake.log
