Building DAG of jobs...
SLURM run ID: 844a01c5-4036-4422-b984-e0a2d397cb66
Using shell: /usr/bin/bash
Provided remote nodes: 10
Job stats:
job                 count
----------------  -------
all                     1
cellranger_count        2
total                   3

Select jobs to execute...
Execute 2 jobs...

[Thu Sep 12 19:34:04 2024]
rule cellranger_count:
    output: CSL-15900_NULL_OTH_done.txt
    log: logs/cellranger_count/CSL-15900_NULL_OTH.log
    jobid: 1
    reason: Missing output files: CSL-15900_NULL_OTH_done.txt
    wildcards: sample=CSL-15900_NULL_OTH
    threads: 20
    resources: mem_mb=40000, mem_mib=38147, disk_mb=1000, disk_mib=954, tmpdir=<TBD>, runtime=1440, time=1440

No SLURM account given, trying to guess.
Guessed SLURM account: cs
Job 1 has been submitted with SLURM jobid 58905002 (log: /scratch/gpfs/bjarnold/Graham/scripts/03_cellranger_count/.snakemake/slurm_logs/rule_cellranger_count/CSL-15900_NULL_OTH/58905002.log).

[Thu Sep 12 19:34:04 2024]
rule cellranger_count:
    output: CSL-15900_ZYM_OTH_done.txt
    log: logs/cellranger_count/CSL-15900_ZYM_OTH.log
    jobid: 2
    reason: Missing output files: CSL-15900_ZYM_OTH_done.txt
    wildcards: sample=CSL-15900_ZYM_OTH
    threads: 20
    resources: mem_mb=40000, mem_mib=38147, disk_mb=1000, disk_mib=954, tmpdir=<TBD>, runtime=1440, time=1440

Job 2 has been submitted with SLURM jobid 58905003 (log: /scratch/gpfs/bjarnold/Graham/scripts/03_cellranger_count/.snakemake/slurm_logs/rule_cellranger_count/CSL-15900_ZYM_OTH/58905003.log).
[Fri Sep 13 19:39:53 2024]
Error in rule cellranger_count:
    message: SLURM-job '58905002' failed, SLURM status is: 'TIMEOUT'. For further error details see the cluster/cloud log and the log files of the involved rule(s).
    jobid: 1
    output: CSL-15900_NULL_OTH_done.txt
    log: logs/cellranger_count/CSL-15900_NULL_OTH.log, /scratch/gpfs/bjarnold/Graham/scripts/03_cellranger_count/.snakemake/slurm_logs/rule_cellranger_count/CSL-15900_NULL_OTH/58905002.log (check log file(s) for error details)
    shell:
        
        /scratch/gpfs/bjarnold/Graham/cellranger/cellranger-8.0.1/cellranger count         --id CSL-15900_NULL_OTH         --transcriptome /scratch/gpfs/bjarnold/Graham/genomes_10X/ca_sea_lion         --create-bam true         --fastqs /scratch/gpfs/bjarnold/Graham/data_10X/cMaZuBaKFBP0Ygrh2ubrWr5mn7xa55w/20240821_ccc7_22G7Y5LT4_RQ25573_5p         --sample CSL-15900_NULL_OTH         --force-cells 10000         --include-introns true        --localcores 20         > logs/cellranger_count/CSL-15900_NULL_OTH.log 2> logs/cellranger_count/CSL-15900_NULL_OTH.log
        touch CSL-15900_NULL_OTH_done.txt
        
        (one of the commands exited with non-zero exit code; note that snakemake uses bash strict mode!)
    external_jobid: 58905002

[Fri Sep 13 19:39:53 2024]
Error in rule cellranger_count:
    message: SLURM-job '58905003' failed, SLURM status is: 'TIMEOUT'. For further error details see the cluster/cloud log and the log files of the involved rule(s).
    jobid: 2
    output: CSL-15900_ZYM_OTH_done.txt
    log: logs/cellranger_count/CSL-15900_ZYM_OTH.log, /scratch/gpfs/bjarnold/Graham/scripts/03_cellranger_count/.snakemake/slurm_logs/rule_cellranger_count/CSL-15900_ZYM_OTH/58905003.log (check log file(s) for error details)
    shell:
        
        /scratch/gpfs/bjarnold/Graham/cellranger/cellranger-8.0.1/cellranger count         --id CSL-15900_ZYM_OTH         --transcriptome /scratch/gpfs/bjarnold/Graham/genomes_10X/ca_sea_lion         --create-bam true         --fastqs /scratch/gpfs/bjarnold/Graham/data_10X/cMaZuBaKFBP0Ygrh2ubrWr5mn7xa55w/20240821_ccc7_22G7Y5LT4_RQ25573_5p         --sample CSL-15900_ZYM_OTH         --force-cells 10000         --include-introns true        --localcores 20         > logs/cellranger_count/CSL-15900_ZYM_OTH.log 2> logs/cellranger_count/CSL-15900_ZYM_OTH.log
        touch CSL-15900_ZYM_OTH_done.txt
        
        (one of the commands exited with non-zero exit code; note that snakemake uses bash strict mode!)
    external_jobid: 58905003

Shutting down, this might take some time.
Exiting because a job execution failed. Look above for error message
Complete log: .snakemake/log/2024-09-12T193404.038121.snakemake.log
WorkflowError:
At least one job did not complete successfully.
