Building DAG of jobs...
SLURM run ID: b578ad38-e271-4150-a1d0-7c6ad388ed36
Using shell: /usr/bin/bash
Provided remote nodes: 10
Job stats:
job                 count
----------------  -------
all                     1
cellranger_count        2
total                   3

Select jobs to execute...
Execute 2 jobs...

[Fri Sep 13 20:19:55 2024]
rule cellranger_count:
    output: CSL-15900_NULL_OTH_done.txt
    log: logs/cellranger_count/CSL-15900_NULL_OTH.log
    jobid: 1
    reason: Missing output files: CSL-15900_NULL_OTH_done.txt
    wildcards: sample=CSL-15900_NULL_OTH
    threads: 20
    resources: mem_mb=40000, mem_mib=38147, disk_mb=1000, disk_mib=954, tmpdir=<TBD>, runtime=3000, time=3000

No SLURM account given, trying to guess.
Guessed SLURM account: cs
Job 1 has been submitted with SLURM jobid 58926719 (log: /scratch/gpfs/bjarnold/Graham/scripts/03_cellranger_count/.snakemake/slurm_logs/rule_cellranger_count/CSL-15900_NULL_OTH/58926719.log).

[Fri Sep 13 20:19:55 2024]
rule cellranger_count:
    output: CSL-15900_ZYM_OTH_done.txt
    log: logs/cellranger_count/CSL-15900_ZYM_OTH.log
    jobid: 2
    reason: Missing output files: CSL-15900_ZYM_OTH_done.txt
    wildcards: sample=CSL-15900_ZYM_OTH
    threads: 20
    resources: mem_mb=40000, mem_mib=38147, disk_mb=1000, disk_mib=954, tmpdir=<TBD>, runtime=3000, time=3000

Job 2 has been submitted with SLURM jobid 58926720 (log: /scratch/gpfs/bjarnold/Graham/scripts/03_cellranger_count/.snakemake/slurm_logs/rule_cellranger_count/CSL-15900_ZYM_OTH/58926720.log).
[Sat Sep 14 16:43:29 2024]
Finished job 1.
1 of 3 steps (33%) done
[Sun Sep 15 05:24:24 2024]
Finished job 2.
2 of 3 steps (67%) done
Select jobs to execute...
Execute 1 jobs...

[Sun Sep 15 05:24:24 2024]
localrule all:
    input: CSL-15900_NULL_OTH_done.txt, CSL-15900_ZYM_OTH_done.txt
    jobid: 0
    reason: Input files updated by another job: CSL-15900_ZYM_OTH_done.txt, CSL-15900_NULL_OTH_done.txt
    resources: mem_mb=20000, mem_mib=19074, disk_mb=1000, disk_mib=954, tmpdir=/tmp, runtime=3000, time=3000

[Sun Sep 15 05:24:24 2024]
Finished job 0.
3 of 3 steps (100%) done
Complete log: .snakemake/log/2024-09-13T201951.786581.snakemake.log
