Building DAG of jobs...
Using shell: /usr/bin/bash
Provided cores: 10
Rules claiming more threads will be scaled down.
Job stats:
job                   count
------------------  -------
all                       1
cellranger_count          6
create_sample_file        6
total                    13

Select jobs to execute...
Execute 6 jobs...

[Sun Sep  1 18:59:51 2024]
localrule create_sample_file:
    output: CSL-15900_ZYM_OTH.txt
    jobid: 10
    reason: Missing output files: CSL-15900_ZYM_OTH.txt
    wildcards: sample=CSL-15900_ZYM_OTH
    resources: tmpdir=/tmp


[Sun Sep  1 18:59:51 2024]
localrule create_sample_file:
    output: ES-5161_NULL_OTH.txt
    jobid: 2
    reason: Missing output files: ES-5161_NULL_OTH.txt
    wildcards: sample=ES-5161_NULL_OTH
    resources: tmpdir=/tmp


[Sun Sep  1 18:59:51 2024]
localrule create_sample_file:
    output: HS-3088_NULL_OTH.txt
    jobid: 12
    reason: Missing output files: HS-3088_NULL_OTH.txt
    wildcards: sample=HS-3088_NULL_OTH
    resources: tmpdir=/tmp


[Sun Sep  1 18:59:51 2024]
localrule create_sample_file:
    output: HS-3088_ZYM_OTH.txt
    jobid: 4
    reason: Missing output files: HS-3088_ZYM_OTH.txt
    wildcards: sample=HS-3088_ZYM_OTH
    resources: tmpdir=/tmp


[Sun Sep  1 18:59:51 2024]
localrule create_sample_file:
    output: ES-5161_ZYM_OTH.txt
    jobid: 6
    reason: Missing output files: ES-5161_ZYM_OTH.txt
    wildcards: sample=ES-5161_ZYM_OTH
    resources: tmpdir=/tmp


[Sun Sep  1 18:59:51 2024]
localrule create_sample_file:
    output: CSL-15900_NULL_OTH.txt
    jobid: 8
    reason: Missing output files: CSL-15900_NULL_OTH.txt
    wildcards: sample=CSL-15900_NULL_OTH
    resources: tmpdir=/tmp

[Sun Sep  1 18:59:51 2024]
Finished job 10.
1 of 13 steps (8%) done
[Sun Sep  1 18:59:51 2024]
Finished job 2.
2 of 13 steps (15%) done
[Sun Sep  1 18:59:51 2024]
Finished job 12.
3 of 13 steps (23%) done
[Sun Sep  1 18:59:51 2024]
Finished job 4.
4 of 13 steps (31%) done
Select jobs to execute...
Execute 4 jobs...

[Sun Sep  1 18:59:51 2024]
localrule cellranger_count:
    input: CSL-15900_ZYM_OTH.txt
    output: CSL-15900_ZYM_OTH/CSL-15900_ZYM_OTH.mri.tgz
    jobid: 9
    reason: Missing output files: CSL-15900_ZYM_OTH/CSL-15900_ZYM_OTH.mri.tgz; Input files updated by another job: CSL-15900_ZYM_OTH.txt
    wildcards: sample=CSL-15900_ZYM_OTH
    resources: tmpdir=/tmp


[Sun Sep  1 18:59:51 2024]
localrule cellranger_count:
    input: HS-3088_ZYM_OTH.txt
    output: HS-3088_ZYM_OTH/HS-3088_ZYM_OTH.mri.tgz
    jobid: 3
    reason: Missing output files: HS-3088_ZYM_OTH/HS-3088_ZYM_OTH.mri.tgz; Input files updated by another job: HS-3088_ZYM_OTH.txt
    wildcards: sample=HS-3088_ZYM_OTH
    resources: tmpdir=/tmp


[Sun Sep  1 18:59:51 2024]
localrule cellranger_count:
    input: HS-3088_NULL_OTH.txt
    output: HS-3088_NULL_OTH/HS-3088_NULL_OTH.mri.tgz
    jobid: 11
    reason: Missing output files: HS-3088_NULL_OTH/HS-3088_NULL_OTH.mri.tgz; Input files updated by another job: HS-3088_NULL_OTH.txt
    wildcards: sample=HS-3088_NULL_OTH
    resources: tmpdir=/tmp


[Sun Sep  1 18:59:51 2024]
localrule cellranger_count:
    input: ES-5161_NULL_OTH.txt
    output: ES-5161_NULL_OTH/ES-5161_NULL_OTH.mri.tgz
    jobid: 1
    reason: Missing output files: ES-5161_NULL_OTH/ES-5161_NULL_OTH.mri.tgz; Input files updated by another job: ES-5161_NULL_OTH.txt
    wildcards: sample=ES-5161_NULL_OTH
    resources: tmpdir=/tmp

[Sun Sep  1 18:59:51 2024]
Finished job 6.
5 of 13 steps (38%) done
[Sun Sep  1 18:59:51 2024]
Finished job 8.
6 of 13 steps (46%) done
Select jobs to execute...
Execute 2 jobs...

[Sun Sep  1 18:59:51 2024]
localrule cellranger_count:
    input: CSL-15900_NULL_OTH.txt
    output: CSL-15900_NULL_OTH/CSL-15900_NULL_OTH.mri.tgz
    jobid: 7
    reason: Missing output files: CSL-15900_NULL_OTH/CSL-15900_NULL_OTH.mri.tgz; Input files updated by another job: CSL-15900_NULL_OTH.txt
    wildcards: sample=CSL-15900_NULL_OTH
    resources: tmpdir=/tmp


[Sun Sep  1 18:59:51 2024]
localrule cellranger_count:
    input: ES-5161_ZYM_OTH.txt
    output: ES-5161_ZYM_OTH/ES-5161_ZYM_OTH.mri.tgz
    jobid: 5
    reason: Missing output files: ES-5161_ZYM_OTH/ES-5161_ZYM_OTH.mri.tgz; Input files updated by another job: ES-5161_ZYM_OTH.txt
    wildcards: sample=ES-5161_ZYM_OTH
    resources: tmpdir=/tmp

